<?xml version="1.0" encoding="UTF-8"?>
<!-- Generated by org.testng.reporters.JUnitReportReporter -->
<testsuite hostname="Mansi" failures="0" tests="2" name="com.crm.qa.testcases.LoginPageTest" time="14.903" errors="0" timestamp="2025-05-10T17:41:07 EDT" skipped="0">
  <testcase classname="com.crm.qa.testcases.LoginPageTest" name="loginPageTitleTest" time="7.280"/>
  <testcase classname="com.crm.qa.testcases.LoginPageTest" name="loginTest" time="7.623"/>
</testsuite> <!-- com.crm.qa.testcases.LoginPageTest -->
