<?xml version="1.0" encoding="UTF-8"?>
<!-- Generated by org.testng.reporters.JUnitReportReporter -->
<testsuite hostname="Mansi" failures="0" tests="10" name="com.crm.qa.testcases.ContactsPageTest" time="117.346" errors="0" timestamp="2025-05-10T17:41:07 EDT" skipped="0">
  <testcase classname="com.crm.qa.testcases.ContactsPageTest" name="verifyContactsPageLabelTest" time="8.234"/>
  <testcase classname="com.crm.qa.testcases.ContactsPageTest" name="selectSingleContactTest" time="8.561"/>
  <testcase classname="com.crm.qa.testcases.ContactsPageTest" name="selectMultipleContactsTest" time="9.035"/>
  <testcase classname="com.crm.qa.testcases.ContactsPageTest" name="createNewContactTest" time="14.133"/>
  <testcase classname="com.crm.qa.testcases.ContactsPageTest" name="createNewContactTest" time="12.927"/>
  <testcase classname="com.crm.qa.testcases.ContactsPageTest" name="createNewContactTest" time="12.556"/>
  <testcase classname="com.crm.qa.testcases.ContactsPageTest" name="createNewContactTest" time="13.764"/>
  <testcase classname="com.crm.qa.testcases.ContactsPageTest" name="createNewContactTest" time="12.058"/>
  <testcase classname="com.crm.qa.testcases.ContactsPageTest" name="createNewContactTest" time="13.319"/>
  <testcase classname="com.crm.qa.testcases.ContactsPageTest" name="createNewContactTest" time="12.759"/>
</testsuite> <!-- com.crm.qa.testcases.ContactsPageTest -->
