<?xml version="1.0" encoding="UTF-8"?>
<!-- Generated by org.testng.reporters.JUnitReportReporter -->
<testsuite hostname="Mansi" failures="0" tests="3" name="com.crm.qa.testcases.HomePageTest" time="23.981" errors="0" timestamp="2025-05-10T17:41:07 EDT" skipped="0">
  <testcase classname="com.crm.qa.testcases.HomePageTest" name="verifyHomePageTitleTest" time="6.830"/>
  <testcase classname="com.crm.qa.testcases.HomePageTest" name="verifyUserNameTest" time="8.806"/>
  <testcase classname="com.crm.qa.testcases.HomePageTest" name="verifycontactsLinkTest" time="8.345"/>
</testsuite> <!-- com.crm.qa.testcases.HomePageTest -->
