<?xml version="1.0" encoding="UTF-8"?>
<!-- Generated by org.testng.reporters.JUnitReportReporter -->
<testsuite hostname="Mansi" failures="0" tests="3" name="com.crm.qa.testcases.HomePageTest" time="33.082" errors="0" timestamp="2025-05-10T19:47:12 EDT" skipped="0">
  <testcase classname="com.crm.qa.testcases.HomePageTest" name="verifyHomePageTitleTest" time="10.575"/>
  <testcase classname="com.crm.qa.testcases.HomePageTest" name="verifyUserNameTest" time="11.091"/>
  <testcase classname="com.crm.qa.testcases.HomePageTest" name="verifycontactsLinkTest" time="11.416"/>
</testsuite> <!-- com.crm.qa.testcases.HomePageTest -->
