<?xml version="1.0" encoding="UTF-8"?>
<!-- Generated by org.testng.reporters.JUnitReportReporter -->
<testsuite hostname="Mansi" failures="0" tests="2" name="com.crm.qa.testcases.LoginPageTest" time="20.648" errors="0" timestamp="2025-05-10T19:47:12 EDT" skipped="0">
  <testcase classname="com.crm.qa.testcases.LoginPageTest" name="loginPageTitleTest" time="10.023"/>
  <testcase classname="com.crm.qa.testcases.LoginPageTest" name="loginTest" time="10.625"/>
</testsuite> <!-- com.crm.qa.testcases.LoginPageTest -->
